<?xml version="1.0" encoding="UTF-8"?>
<testsuite name="SabanaResearchTest" tests="4" skipped="0" failures="0" errors="0" timestamp="2021-04-24T19:37:49" hostname="LAPTOP-UU1M9U8A" time="0.085">
  <properties/>
  <testcase name="shouldCreateSummary()" classname="SabanaResearchTest" time="0.075"/>
  <testcase name="shouldCountClosedActivities()" classname="SabanaResearchTest" time="0.002"/>
  <testcase name="shouldCountOpenActivities()" classname="SabanaResearchTest" time="0.001"/>
  <testcase name="shouldCreateSummaryForOpenProjects()" classname="SabanaResearchTest" time="0.002"/>
  <system-out><![CDATA[]]></system-out>
  <system-err><![CDATA[]]></system-err>
</testsuite>
